Appointmentwithsecurity/app/build/intermediates/manifest_merge_blame_file/debug/manifest-merger-blame-debug-report.txt
1<?xml version="1.0" encoding="utf-8"?>
2<manifest xmlns:android="http://schemas.android.com/apk/res/android"
3    package="com.example.appointmentwithsecurity"
4    android:versionCode="1"
5    android:versionName="1.0" >
6
7    <uses-sdk
8        android:minSdkVersion="21"
8-->src\main\AndroidManifest.xml
9        android:targetSdkVersion="31" />
9-->src\main\AndroidManifest.xml
10
11    <uses-permission android:name="android.permission.INTERNET" />
11-->src\main\AndroidManifest.xml:4:5-66
11-->src\main\AndroidManifest.xml:4:22-64
12    <uses-permission android:name="android.permission.READ_EXTERNAL_STORAGE" />
12-->src\main\AndroidManifest.xml:5:5-79
12-->src\main\AndroidManifest.xml:5:22-77
13    <uses-permission android:name="android.permission.ACCESS_NETWORK_STATE" />
13-->src\main\AndroidManifest.xml:6:5-79
13-->src\main\AndroidManifest.xml:6:22-76
14
15    <application
15-->src\main\AndroidManifest.xml:7:5-33:19
16        android:allowBackup="true"
16-->src\main\AndroidManifest.xml:8:9-35
17        android:appComponentFactory="androidx.core.app.CoreComponentFactory"
17-->[androidx.core:core:1.7.0] AndroidManifest.xml:24:18-86
18        android:debuggable="true"
19        android:icon="@mipmap/ic_launcher"
19-->src\main\AndroidManifest.xml:9:9-43
20        android:label="@string/app_name"
20-->src\main\AndroidManifest.xml:10:9-41
21        android:roundIcon="@mipmap/ic_launcher_round"
21-->src\main\AndroidManifest.xml:11:9-54
22        android:supportsRtl="true"
22-->src\main\AndroidManifest.xml:12:9-35
23        android:testOnly="true"
24        android:theme="@style/Theme.AppointmentWithSecurity" >
24-->src\main\AndroidManifest.xml:13:9-61
25        <activity
25-->src\main\AndroidManifest.xml:14:9-17:54
26            android:name="com.example.appointmentwithsecurity.Form"
26-->src\main\AndroidManifest.xml:15:13-33
27            android:exported="false"
27-->src\main\AndroidManifest.xml:16:13-37
28            android:windowSoftInputMode="adjustPan" />
28-->src\main\AndroidManifest.xml:17:13-52
29        <activity
29-->src\main\AndroidManifest.xml:18:9-20:40
30            android:name="com.example.appointmentwithsecurity.Home"
30-->src\main\AndroidManifest.xml:19:13-33
31            android:exported="false" />
31-->src\main\AndroidManifest.xml:20:13-37
32        <activity
32-->src\main\AndroidManifest.xml:21:9-23:40
33            android:name="com.example.appointmentwithsecurity.Register"
33-->src\main\AndroidManifest.xml:22:13-37
34            android:exported="false" />
34-->src\main\AndroidManifest.xml:23:13-37
35        <activity
35-->src\main\AndroidManifest.xml:24:9-32:20
36            android:name="com.example.appointmentwithsecurity.MainActivity"
36-->src\main\AndroidManifest.xml:25:13-41
37            android:exported="true" >
37-->src\main\AndroidManifest.xml:26:13-36
38            <intent-filter>
38-->src\main\AndroidManifest.xml:27:13-31:29
39                <action android:name="android.intent.action.MAIN" />
39-->src\main\AndroidManifest.xml:28:17-69
39-->src\main\AndroidManifest.xml:28:25-66
40
41                <category android:name="android.intent.category.LAUNCHER" />
41-->src\main\AndroidManifest.xml:30:17-77
41-->src\main\AndroidManifest.xml:30:27-74
42            </intent-filter>
43        </activity>
44        <activity
44-->[com.google.firebase:firebase-auth:21.0.3] AndroidManifest.xml:27:9-44:20
45            android:name="com.google.firebase.auth.internal.GenericIdpActivity"
45-->[com.google.firebase:firebase-auth:21.0.3] AndroidManifest.xml:28:13-80
46            android:excludeFromRecents="true"
46-->[com.google.firebase:firebase-auth:21.0.3] AndroidManifest.xml:29:13-46
47            android:exported="true"
47-->[com.google.firebase:firebase-auth:21.0.3] AndroidManifest.xml:30:13-36
48            android:launchMode="singleTask"
48-->[com.google.firebase:firebase-auth:21.0.3] AndroidManifest.xml:31:13-44
49            android:theme="@android:style/Theme.Translucent.NoTitleBar" >
49-->[com.google.firebase:firebase-auth:21.0.3] AndroidManifest.xml:32:13-72
50            <intent-filter>
50-->[com.google.firebase:firebase-auth:21.0.3] AndroidManifest.xml:33:13-43:29
51                <action android:name="android.intent.action.VIEW" />
51-->[com.google.firebase:firebase-auth:21.0.3] AndroidManifest.xml:34:17-69
51-->[com.google.firebase:firebase-auth:21.0.3] AndroidManifest.xml:34:25-66
52
53                <category android:name="android.intent.category.DEFAULT" />
53-->[com.google.firebase:firebase-auth:21.0.3] AndroidManifest.xml:36:17-76
53-->[com.google.firebase:firebase-auth:21.0.3] AndroidManifest.xml:36:27-73
54                <category android:name="android.intent.category.BROWSABLE" />
54-->[com.google.firebase:firebase-auth:21.0.3] AndroidManifest.xml:37:17-78
54-->[com.google.firebase:firebase-auth:21.0.3] AndroidManifest.xml:37:27-75
55
56                <data
56-->[com.google.firebase:firebase-auth:21.0.3] AndroidManifest.xml:39:17-42:51
57                    android:host="firebase.auth"
57-->[com.google.firebase:firebase-auth:21.0.3] AndroidManifest.xml:40:21-49
58                    android:path="/"
58-->[com.google.firebase:firebase-auth:21.0.3] AndroidManifest.xml:41:21-37
59                    android:scheme="genericidp" />
59-->[com.google.firebase:firebase-auth:21.0.3] AndroidManifest.xml:42:21-48
60            </intent-filter>
61        </activity>
62        <activity
62-->[com.google.firebase:firebase-auth:21.0.3] AndroidManifest.xml:45:9-62:20
63            android:name="com.google.firebase.auth.internal.RecaptchaActivity"
63-->[com.google.firebase:firebase-auth:21.0.3] AndroidManifest.xml:46:13-79
64            android:excludeFromRecents="true"
64-->[com.google.firebase:firebase-auth:21.0.3] AndroidManifest.xml:47:13-46
65            android:exported="true"
65-->[com.google.firebase:firebase-auth:21.0.3] AndroidManifest.xml:48:13-36
66            android:launchMode="singleTask"
66-->[com.google.firebase:firebase-auth:21.0.3] AndroidManifest.xml:49:13-44
67            android:theme="@android:style/Theme.Translucent.NoTitleBar" >
67-->[com.google.firebase:firebase-auth:21.0.3] AndroidManifest.xml:50:13-72
68            <intent-filter>
68-->[com.google.firebase:firebase-auth:21.0.3] AndroidManifest.xml:51:13-61:29
69                <action android:name="android.intent.action.VIEW" />
69-->[com.google.firebase:firebase-auth:21.0.3] AndroidManifest.xml:34:17-69
69-->[com.google.firebase:firebase-auth:21.0.3] AndroidManifest.xml:34:25-66
70
71                <category android:name="android.intent.category.DEFAULT" />
71-->[com.google.firebase:firebase-auth:21.0.3] AndroidManifest.xml:36:17-76
71-->[com.google.firebase:firebase-auth:21.0.3] AndroidManifest.xml:36:27-73
72                <category android:name="android.intent.category.BROWSABLE" />
72-->[com.google.firebase:firebase-auth:21.0.3] AndroidManifest.xml:37:17-78
72-->[com.google.firebase:firebase-auth:21.0.3] AndroidManifest.xml:37:27-75
73
74                <data
74-->[com.google.firebase:firebase-auth:21.0.3] AndroidManifest.xml:39:17-42:51
75                    android:host="firebase.auth"
75-->[com.google.firebase:firebase-auth:21.0.3] AndroidManifest.xml:40:21-49
76                    android:path="/"
76-->[com.google.firebase:firebase-auth:21.0.3] AndroidManifest.xml:41:21-37
77                    android:scheme="recaptcha" />
77-->[com.google.firebase:firebase-auth:21.0.3] AndroidManifest.xml:42:21-48
78            </intent-filter>
79        </activity>
80
81        <service
81-->[com.google.firebase:firebase-auth:21.0.3] AndroidManifest.xml:64:9-70:19
82            android:name="com.google.firebase.components.ComponentDiscoveryService"
82-->[com.google.firebase:firebase-auth:21.0.3] AndroidManifest.xml:65:13-84
83            android:directBootAware="true"
83-->[com.google.firebase:firebase-common:20.1.0] AndroidManifest.xml:35:13-43
84            android:exported="false" >
84-->[com.google.firebase:firebase-auth:21.0.3] AndroidManifest.xml:66:13-37
85            <meta-data
85-->[com.google.firebase:firebase-auth:21.0.3] AndroidManifest.xml:67:13-69:85
86                android:name="com.google.firebase.components:com.google.firebase.auth.FirebaseAuthRegistrar"
86-->[com.google.firebase:firebase-auth:21.0.3] AndroidManifest.xml:68:17-109
87                android:value="com.google.firebase.components.ComponentRegistrar" />
87-->[com.google.firebase:firebase-auth:21.0.3] AndroidManifest.xml:69:17-82
88            <meta-data
88-->[com.google.firebase:firebase-storage:20.0.1] AndroidManifest.xml:33:13-35:85
89                android:name="com.google.firebase.components:com.google.firebase.storage.StorageRegistrar"
89-->[com.google.firebase:firebase-storage:20.0.1] AndroidManifest.xml:34:17-107
90                android:value="com.google.firebase.components.ComponentRegistrar" />
90-->[com.google.firebase:firebase-storage:20.0.1] AndroidManifest.xml:35:17-82
91            <meta-data
91-->[com.google.firebase:firebase-database:20.0.4] AndroidManifest.xml:32:13-34:85
92                android:name="com.google.firebase.components:com.google.firebase.database.DatabaseRegistrar"
92-->[com.google.firebase:firebase-database:20.0.4] AndroidManifest.xml:33:17-109
93                android:value="com.google.firebase.components.ComponentRegistrar" />
93-->[com.google.firebase:firebase-database:20.0.4] AndroidManifest.xml:34:17-82
94        </service>
95
96        <provider
96-->[com.google.firebase:firebase-common:20.1.0] AndroidManifest.xml:26:9-31:39
97            android:name="com.google.firebase.provider.FirebaseInitProvider"
97-->[com.google.firebase:firebase-common:20.1.0] AndroidManifest.xml:27:13-77
98            android:authorities="com.example.appointmentwithsecurity.firebaseinitprovider"
98-->[com.google.firebase:firebase-common:20.1.0] AndroidManifest.xml:28:13-72
99            android:directBootAware="true"
99-->[com.google.firebase:firebase-common:20.1.0] AndroidManifest.xml:29:13-43
100            android:exported="false"
100-->[com.google.firebase:firebase-common:20.1.0] AndroidManifest.xml:30:13-37
101            android:initOrder="100" />
101-->[com.google.firebase:firebase-common:20.1.0] AndroidManifest.xml:31:13-36
102
103        <activity
103-->[com.google.android.gms:play-services-base:18.0.1] AndroidManifest.xml:20:9-22:45
104            android:name="com.google.android.gms.common.api.GoogleApiActivity"
104-->[com.google.android.gms:play-services-base:18.0.1] AndroidManifest.xml:20:19-85
105            android:exported="false"
105-->[com.google.android.gms:play-services-base:18.0.1] AndroidManifest.xml:22:19-43
106            android:theme="@android:style/Theme.Translucent.NoTitleBar" />
106-->[com.google.android.gms:play-services-base:18.0.1] AndroidManifest.xml:21:19-78
107
108        <meta-data
108-->[com.google.android.gms:play-services-basement:18.0.0] AndroidManifest.xml:21:9-23:69
109            android:name="com.google.android.gms.version"
109-->[com.google.android.gms:play-services-basement:18.0.0] AndroidManifest.xml:22:13-58
110            android:value="@integer/google_play_services_version" />
110-->[com.google.android.gms:play-services-basement:18.0.0] AndroidManifest.xml:23:13-66
111
112        <provider
112-->[androidx.emoji2:emoji2:1.0.0] AndroidManifest.xml:26:9-34:20
113            android:name="androidx.startup.InitializationProvider"
113-->[androidx.emoji2:emoji2:1.0.0] AndroidManifest.xml:27:13-67
114            android:authorities="com.example.appointmentwithsecurity.androidx-startup"
114-->[androidx.emoji2:emoji2:1.0.0] AndroidManifest.xml:28:13-68
115            android:exported="false" >
115-->[androidx.emoji2:emoji2:1.0.0] AndroidManifest.xml:29:13-37
116            <meta-data
116-->[androidx.emoji2:emoji2:1.0.0] AndroidManifest.xml:31:13-33:52
117                android:name="androidx.emoji2.text.EmojiCompatInitializer"
117-->[androidx.emoji2:emoji2:1.0.0] AndroidManifest.xml:32:17-75
118                android:value="androidx.startup" />
118-->[androidx.emoji2:emoji2:1.0.0] AndroidManifest.xml:33:17-49
119            <meta-data
119-->[androidx.lifecycle:lifecycle-process:2.4.0] AndroidManifest.xml:31:13-33:52
120                android:name="androidx.lifecycle.ProcessLifecycleInitializer"
120-->[androidx.lifecycle:lifecycle-process:2.4.0] AndroidManifest.xml:32:17-78
121                android:value="androidx.startup" />
121-->[androidx.lifecycle:lifecycle-process:2.4.0] AndroidManifest.xml:33:17-49
122        </provider>
123    </application>
124
125</manifest>